Frame 0
Frame 1
Frame 2
Frame 3
Frame 4
Frame 5
Time of model construct: 0.119217
Num of total SAT Calls: 2229
      Num of main solver SAT Calls: 2217
      Num of inv solver SAT Calls: 6
      Num of start solver SAT Calls: 6
      Num of reduce uc SAT Calls: 0
      Num of detect dead state SAT Calls: 0
Time of total SAT Calls: 22.8215
      Time of main solver SAT Calls: 22.7326
      Time of inv solver SAT Calls: 0.069097
      Time of start solver SAT Calls: 0.01979
      Time of reduce uc SAT Calls: 0
      Time of detect dead state SAT Calls: 0
Num of detect dead state success: 0
Num of clause contain: 1112
Time of clause contain: 0.301598
Num of state contain: 2220
Time of state contain: 0.080263
Sum of original uc: 0
Sum of reduce uc: 0
Reduce uc ratio: -nan
Total Time: 25.2723
