Frame 0
Frame 1
Time of model construct: 0.099376
Num of total SAT Calls: 481
      Num of main solver SAT Calls: 477
      Num of inv solver SAT Calls: 2
      Num of start solver SAT Calls: 2
      Num of reduce uc SAT Calls: 0
      Num of detect dead state SAT Calls: 0
Time of total SAT Calls: 4.08468
      Time of main solver SAT Calls: 4.05726
      Time of inv solver SAT Calls: 0.016791
      Time of start solver SAT Calls: 0.010626
      Time of reduce uc SAT Calls: 0
      Time of detect dead state SAT Calls: 0
Num of detect dead state success: 0
Num of clause contain: 255
Time of clause contain: 0.011197
Num of state contain: 479
Time of state contain: 0.001549
Sum of original uc: 0
Sum of reduce uc: 0
Reduce uc ratio: -nan
Total Time: 4.4257
